<?xml version="1.0" encoding="UTF-8" standalone="no"?>
<testsuite failures="0" name="cucumber.runtime.formatter.JUnitFormatter" skipped="0" tests="5" time="77.262792">
    <testcase classname="Amazon Home Page Test" name="Open Browser and Search for Amazon" time="12.832525">
        <system-out><![CDATA[Given user open browser and goes to webpage.................................passed
Then user verify the home page title and page URL...........................passed
Then user quit..............................................................passed
]]></system-out>
    </testcase>
    <testcase classname="Amazon Home Page Header Test" name="Open Amazon Website and get Header List" time="18.383235">
        <system-out><![CDATA[Given user open browser and goes to webpage.................................passed
Then user verify the home page title and page URL...........................passed
Then user get the header list...............................................passed
Then user quit..............................................................passed
]]></system-out>
    </testcase>
    <testcase classname="Amazon Home Page Header Test" name="Open Amazon Website and search for product" time="17.030775">
        <system-out><![CDATA[Given user open browser and goes to webpage.................................passed
Then user verify the home page title and page URL...........................passed
Then user search for "Phone"................................................passed
Then user get search results................................................passed
Then user quit..............................................................passed
]]></system-out>
    </testcase>
    <testcase classname="Amazon Home Page Header Test" name="Open Amazon Website and search for product 2" time="15.595585">
        <system-out><![CDATA[Given user open browser and goes to webpage.................................passed
Then user verify the home page title and page URL...........................passed
Then user search for "Earbuds"..............................................passed
Then user get search results................................................passed
Then user quit..............................................................passed
]]></system-out>
    </testcase>
    <testcase classname="Amazon Home Page Header Test" name="Open Amazon Website and search for product 3" time="13.420672">
        <system-out><![CDATA[Given user open browser and goes to webpage.................................passed
Then user verify the home page title and page URL...........................passed
Then user search for "Watches"..............................................passed
Then user get search results................................................passed
Then user quit..............................................................passed
]]></system-out>
    </testcase>
</testsuite>
